<?xml version="1.0" encoding="UTF-8"?>
<testsuite xmlns:xsi="http://www.w3.org/2001/XMLSchema-instance" xsi:noNamespaceSchemaLocation="https://maven.apache.org/surefire/maven-surefire-plugin/xsd/surefire-test-report-3.0.xsd" version="3.0" name="com.agustin.taxi.TaxiApplicationTests" time="32.595" tests="1" errors="0" skipped="0" failures="0">
  <properties>
[...]
</properties>
  <testcase name="contextLoads" classname="com.agustin.taxi.TaxiApplicationTests" time="2.798">
    <system-out><![CDATA[22:16:49.360 [main] INFO org.springframework.test.context.support.AnnotationConfigContextLoaderUtils -- Could not detect default configuration classes for test class [com.agustin.taxi.TaxiApplicationTests]: TaxiApplicationTests does not declare any static, non-private, non-final, nested classes annotated with @Configuration.
22:16:49.861 [main] INFO org.springframework.boot.test.context.SpringBootTestContextBootstrapper -- Found @SpringBootConfiguration com.agustin.taxi.TaxiApplication for test class com.agustin.taxi.TaxiApplicationTests

  .   ____          _            __ _ _
 /\\ / ___'_ __ _ _(_)_ __  __ _ \ \ \ \
( ( )\___ | '_ | '_| | '_ \/ _` | \ \ \ \
 \\/  ___)| |_)| | | | | || (_| |  ) ) ) )
  '  |____| .__|_| |_|_| |_\__, | / / / /
 =========|_|==============|___/=/_/_/_/
 :: Spring Boot ::                (v3.1.4)

2025-03-30T22:16:52.208-04:00  INFO 6152 --- [           main] com.agustin.taxi.TaxiApplicationTests    : Starting TaxiApplicationTests using Java 17.0.5 with PID 6152 (started by User in C:\Disco E\Spring-Boot\Jhonny\taxi)
2025-03-30T22:16:52.211-04:00  INFO 6152 --- [           main] com.agustin.taxi.TaxiApplicationTests    : No active profile set, falling back to 1 default profile: "default"
2025-03-30T22:16:57.380-04:00  INFO 6152 --- [           main] .s.d.r.c.RepositoryConfigurationDelegate : Bootstrapping Spring Data JPA repositories in DEFAULT mode.
2025-03-30T22:16:57.562-04:00  INFO 6152 --- [           main] .s.d.r.c.RepositoryConfigurationDelegate : Finished Spring Data repository scanning in 85 ms. Found 0 JPA repository interfaces.
2025-03-30T22:17:00.006-04:00  INFO 6152 --- [           main] com.zaxxer.hikari.HikariDataSource       : HikariPool-1 - Starting...
2025-03-30T22:17:04.101-04:00  INFO 6152 --- [           main] com.zaxxer.hikari.pool.HikariPool        : HikariPool-1 - Added connection com.mysql.cj.jdbc.ConnectionImpl@741741d0
2025-03-30T22:17:04.111-04:00  INFO 6152 --- [           main] com.zaxxer.hikari.HikariDataSource       : HikariPool-1 - Start completed.
2025-03-30T22:17:04.396-04:00  INFO 6152 --- [           main] o.hibernate.jpa.internal.util.LogHelper  : HHH000204: Processing PersistenceUnitInfo [name: default]
2025-03-30T22:17:04.850-04:00  INFO 6152 --- [           main] org.hibernate.Version                    : HHH000412: Hibernate ORM core version 6.2.5.Final
2025-03-30T22:17:04.855-04:00  INFO 6152 --- [           main] org.hibernate.cfg.Environment            : HHH000406: Using bytecode reflection optimizer
2025-03-30T22:17:05.591-04:00  INFO 6152 --- [           main] o.h.b.i.BytecodeProviderInitiator        : HHH000021: Bytecode provider name : bytebuddy
2025-03-30T22:17:06.300-04:00  INFO 6152 --- [           main] o.s.o.j.p.SpringPersistenceUnitInfo      : No LoadTimeWeaver setup: ignoring JPA class transformer
2025-03-30T22:17:06.931-04:00  WARN 6152 --- [           main] org.hibernate.orm.deprecation            : HHH90000026: MySQL8Dialect has been deprecated; use org.hibernate.dialect.MySQLDialect instead
2025-03-30T22:17:08.360-04:00  INFO 6152 --- [           main] o.h.b.i.BytecodeProviderInitiator        : HHH000021: Bytecode provider name : bytebuddy
2025-03-30T22:17:11.421-04:00  INFO 6152 --- [           main] o.h.e.t.j.p.i.JtaPlatformInitiator       : HHH000490: Using JtaPlatform implementation: [org.hibernate.engine.transaction.jta.platform.internal.NoJtaPlatform]
2025-03-30T22:17:11.428-04:00  INFO 6152 --- [           main] j.LocalContainerEntityManagerFactoryBean : Initialized JPA EntityManagerFactory for persistence unit 'default'
2025-03-30T22:17:15.065-04:00  WARN 6152 --- [           main] JpaBaseConfiguration$JpaWebConfiguration : spring.jpa.open-in-view is enabled by default. Therefore, database queries may be performed during view rendering. Explicitly configure spring.jpa.open-in-view to disable this warning
2025-03-30T22:17:16.710-04:00  INFO 6152 --- [           main] o.s.b.a.w.s.WelcomePageHandlerMapping    : Adding welcome page: class path resource [static/index.html]
2025-03-30T22:17:17.687-04:00  INFO 6152 --- [           main] com.agustin.taxi.TaxiApplicationTests    : Started TaxiApplicationTests in 27.027 seconds (process running for 32.595)
]]></system-out>
  </testcase>
</testsuite>